<?xml version="1.0" encoding="UTF-8"?>
<robot generator="Robot 6.1.1 (Python 3.10.6 on linux)" generated="20231120 18:52:49.196" rpa="false" schemaversion="4">
<suite id="s1" name="Tests" source="/mnt/c/users/alisa/desktop/palautusrepo/palautusrepositio/viikko3/web-login/src/tests">
<suite id="s1-s1" name="Login" source="/mnt/c/users/alisa/desktop/palautusrepo/palautusrepositio/viikko3/web-login/src/tests/login.robot">
<kw name="Open And Configure Browser" library="resource" type="SETUP">
<kw name="Evaluate" library="BuiltIn">
<var>${options}</var>
<arg>sys.modules['selenium.webdriver'].ChromeOptions()</arg>
<arg>sys</arg>
<doc>Evaluates the given expression in Python and returns the result.</doc>
<msg timestamp="20231120 18:52:49.308" level="INFO">${options} = &lt;selenium.webdriver.chrome.options.Options object at 0x7f8e8f0eb0a0&gt;</msg>
<status status="PASS" starttime="20231120 18:52:49.308" endtime="20231120 18:52:49.308"/>
</kw>
<kw name="Open Browser" library="SeleniumLibrary">
<arg>browser=chrome</arg>
<arg>options=${options}</arg>
<doc>Opens a new browser instance to the optional ``url``.</doc>
<msg timestamp="20231120 18:52:49.308" level="INFO">Opening browser 'chrome' to base url 'None'.</msg>
<msg timestamp="20231120 18:52:49.889" level="INFO">Cannot capture screenshot because no browser is open.</msg>
<msg timestamp="20231120 18:52:49.889" level="FAIL">SessionNotCreatedException: Message: session not created: Chrome failed to start: exited normally.
  (session not created: DevToolsActivePort file doesn't exist)
  (The process started from chrome location /usr/bin/google-chrome is no longer running, so ChromeDriver is assuming that Chrome has crashed.)
Stacktrace:
#0 0x55ec6590a5e3 &lt;unknown&gt;
#1 0x55ec655cd0b7 &lt;unknown&gt;
#2 0x55ec65603e55 &lt;unknown&gt;
#3 0x55ec65600b81 &lt;unknown&gt;
#4 0x55ec6564b47f &lt;unknown&gt;
#5 0x55ec65641cc3 &lt;unknown&gt;
#6 0x55ec6560d0e4 &lt;unknown&gt;
#7 0x55ec6560e0ae &lt;unknown&gt;
#8 0x55ec658d0ce1 &lt;unknown&gt;
#9 0x55ec658d4b7e &lt;unknown&gt;
#10 0x55ec658be4b5 &lt;unknown&gt;
#11 0x55ec658d57d6 &lt;unknown&gt;
#12 0x55ec658a1dbf &lt;unknown&gt;
#13 0x55ec658f8748 &lt;unknown&gt;
#14 0x55ec658f8917 &lt;unknown&gt;
#15 0x55ec65909773 &lt;unknown&gt;
#16 0x7f6058985b43 &lt;unknown&gt;
</msg>
<status status="FAIL" starttime="20231120 18:52:49.308" endtime="20231120 18:52:49.890"/>
</kw>
<kw name="Set Selenium Speed" library="SeleniumLibrary">
<arg>${DELAY}</arg>
<doc>Sets the delay that is waited after each Selenium command.</doc>
<status status="NOT RUN" starttime="20231120 18:52:49.890" endtime="20231120 18:52:49.890"/>
</kw>
<status status="FAIL" starttime="20231120 18:52:49.308" endtime="20231120 18:52:49.890"/>
</kw>
<test id="s1-s1-t1" name="Login With Correct Credentials" line="8">
<status status="FAIL" starttime="20231120 18:52:49.890" endtime="20231120 18:52:49.891">Parent suite setup failed:
SessionNotCreatedException: Message: session not created: Chrome failed to start: exited normally.
  (session not created: DevToolsActivePort file doesn't exist)
  (The process started from chrome location /usr/bin/google-chrome is no longer running, so ChromeDriver is assuming that Chrome has crashed.)
Stacktrace:
#0 0x55ec6590a5e3 &lt;unknown&gt;
#1 0x55ec655cd0b7 &lt;unknown&gt;
#2 0x55ec65603e55 &lt;unknown&gt;
#3 0x55ec65600b81 &lt;unknown&gt;
#4 0x55ec6564b47f &lt;unknown&gt;
#5 0x55ec65641cc3 &lt;unknown&gt;
#6 0x55ec6560d0e4 &lt;unknown&gt;
#7 0x55ec6560e0ae &lt;unknown&gt;
#8 0x55ec658d0ce1 &lt;unknown&gt;
#9 0x55ec658d4b7e &lt;unknown&gt;
#10 0x55ec658be4b5 &lt;unknown&gt;
#11 0x55ec658d57d6 &lt;unknown&gt;
#12 0x55ec658a1dbf &lt;unknown&gt;
#13 0x55ec658f8748 &lt;unknown&gt;
#14 0x55ec658f8917 &lt;unknown&gt;
#15 0x55ec65909773 &lt;unknown&gt;
#16 0x7f6058985b43 &lt;unknown&gt;
</status>
</test>
<test id="s1-s1-t2" name="Login With Incorrect Password" line="14">
<status status="FAIL" starttime="20231120 18:52:49.891" endtime="20231120 18:52:49.891">Parent suite setup failed:
SessionNotCreatedException: Message: session not created: Chrome failed to start: exited normally.
  (session not created: DevToolsActivePort file doesn't exist)
  (The process started from chrome location /usr/bin/google-chrome is no longer running, so ChromeDriver is assuming that Chrome has crashed.)
Stacktrace:
#0 0x55ec6590a5e3 &lt;unknown&gt;
#1 0x55ec655cd0b7 &lt;unknown&gt;
#2 0x55ec65603e55 &lt;unknown&gt;
#3 0x55ec65600b81 &lt;unknown&gt;
#4 0x55ec6564b47f &lt;unknown&gt;
#5 0x55ec65641cc3 &lt;unknown&gt;
#6 0x55ec6560d0e4 &lt;unknown&gt;
#7 0x55ec6560e0ae &lt;unknown&gt;
#8 0x55ec658d0ce1 &lt;unknown&gt;
#9 0x55ec658d4b7e &lt;unknown&gt;
#10 0x55ec658be4b5 &lt;unknown&gt;
#11 0x55ec658d57d6 &lt;unknown&gt;
#12 0x55ec658a1dbf &lt;unknown&gt;
#13 0x55ec658f8748 &lt;unknown&gt;
#14 0x55ec658f8917 &lt;unknown&gt;
#15 0x55ec65909773 &lt;unknown&gt;
#16 0x7f6058985b43 &lt;unknown&gt;
</status>
</test>
<kw name="Close Browser" library="SeleniumLibrary" type="TEARDOWN">
<doc>Closes the current browser.</doc>
<status status="PASS" starttime="20231120 18:52:49.891" endtime="20231120 18:52:49.892"/>
</kw>
<status status="FAIL" starttime="20231120 18:52:49.208" endtime="20231120 18:52:49.892">Suite setup failed:
SessionNotCreatedException: Message: session not created: Chrome failed to start: exited normally.
  (session not created: DevToolsActivePort file doesn't exist)
  (The process started from chrome location /usr/bin/google-chrome is no longer running, so ChromeDriver is assuming that Chrome has crashed.)
Stacktrace:
#0 0x55ec6590a5e3 &lt;unknown&gt;
#1 0x55ec655cd0b7 &lt;unknown&gt;
#2 0x55ec65603e55 &lt;unknown&gt;
#3 0x55ec65600b81 &lt;unknown&gt;
#4 0x55ec6564b47f &lt;unknown&gt;
#5 0x55ec65641cc3 &lt;unknown&gt;
#6 0x55ec6560d0e4 &lt;unknown&gt;
#7 0x55ec6560e0ae &lt;unknown&gt;
#8 0x55ec658d0ce1 &lt;unknown&gt;
#9 0x55ec658d4b7e &lt;unknown&gt;
#10 0x55ec658be4b5 &lt;unknown&gt;
#11 0x55ec658d57d6 &lt;unknown&gt;
#12 0x55ec658a1dbf &lt;unknown&gt;
#13 0x55ec658f8748 &lt;unknown&gt;
#14 0x55ec658f8917 &lt;unknown&gt;
#15 0x55ec65909773 &lt;unknown&gt;
#16 0x7f6058985b43 &lt;unknown&gt;
</status>
</suite>
<status status="FAIL" starttime="20231120 18:52:49.197" endtime="20231120 18:52:49.892"/>
</suite>
<statistics>
<total>
<stat pass="0" fail="2" skip="0">All Tests</stat>
</total>
<tag>
</tag>
<suite>
<stat pass="0" fail="2" skip="0" id="s1" name="Tests">Tests</stat>
<stat pass="0" fail="2" skip="0" id="s1-s1" name="Login">Tests.Login</stat>
</suite>
</statistics>
<errors>
</errors>
</robot>
